Release 14.5 - xst P.58f (nt64)
Copyright (c) 1995-2012 Xilinx, Inc.  All rights reserved.
--> Parameter TMPDIR set to xst/projnav.tmp


Total REAL time to Xst completion: 0.00 secs
Total CPU time to Xst completion: 0.17 secs
 
--> Parameter xsthdpdir set to xst


Total REAL time to Xst completion: 0.00 secs
Total CPU time to Xst completion: 0.17 secs
 
--> Reading design: top.prj

TABLE OF CONTENTS
  1) Synthesis Options Summary
  2) HDL Parsing
  3) HDL Elaboration
  4) HDL Synthesis
       4.1) HDL Synthesis Report
  5) Advanced HDL Synthesis
       5.1) Advanced HDL Synthesis Report
  6) Low Level Synthesis
  7) Partition Report
  8) Design Summary
       8.1) Primitive and Black Box Usage
       8.2) Device utilization summary
       8.3) Partition Resource Summary
       8.4) Timing Report
            8.4.1) Clock Information
            8.4.2) Asynchronous Control Signals Information
            8.4.3) Timing Summary
            8.4.4) Timing Details
            8.4.5) Cross Clock Domains Report


=========================================================================
*                      Synthesis Options Summary                        *
=========================================================================
---- Source Parameters
Input File Name                    : "top.prj"
Ignore Synthesis Constraint File   : NO

---- Target Parameters
Output File Name                   : "top"
Output Format                      : NGC
Target Device                      : xc6slx16-3-csg324

---- Source Options
Top Module Name                    : top
Automatic FSM Extraction           : YES
FSM Encoding Algorithm             : Auto
Safe Implementation                : No
FSM Style                          : LUT
RAM Extraction                     : Yes
RAM Style                          : Auto
ROM Extraction                     : Yes
Shift Register Extraction          : YES
ROM Style                          : Auto
Resource Sharing                   : YES
Asynchronous To Synchronous        : NO
Shift Register Minimum Size        : 2
Use DSP Block                      : Auto
Automatic Register Balancing       : No

---- Target Options
LUT Combining                      : Auto
Reduce Control Sets                : Auto
Add IO Buffers                     : YES
Global Maximum Fanout              : 100000
Add Generic Clock Buffer(BUFG)     : 16
Register Duplication               : YES
Optimize Instantiated Primitives   : NO
Use Clock Enable                   : Auto
Use Synchronous Set                : Auto
Use Synchronous Reset              : Auto
Pack IO Registers into IOBs        : Auto
Equivalent register Removal        : YES

---- General Options
Optimization Goal                  : Speed
Optimization Effort                : 1
Power Reduction                    : NO
Keep Hierarchy                     : No
Netlist Hierarchy                  : As_Optimized
RTL Output                         : Yes
Global Optimization                : AllClockNets
Read Cores                         : YES
Write Timing Constraints           : NO
Cross Clock Analysis               : NO
Hierarchy Separator                : /
Bus Delimiter                      : <>
Case Specifier                     : Maintain
Slice Utilization Ratio            : 100
BRAM Utilization Ratio             : 100
DSP48 Utilization Ratio            : 100
Auto BRAM Packing                  : NO
Slice Utilization Ratio Delta      : 5

=========================================================================


=========================================================================
*                          HDL Parsing                                  *
=========================================================================
Analyzing Verilog file "D:\DSDProjectAAA\project\tx.v" into library work
Parsing module <uart_tx>.
Analyzing Verilog file "D:\DSDProjectAAA\project\rx.v" into library work
Parsing module <uart_rx>.
Analyzing Verilog file "D:\DSDProjectAAA\project\matrix_multiplier.v" into library work
Parsing module <matrix_multiplier>.
Analyzing Verilog file "D:\DSDProjectAAA\project\matrix_memory.v" into library work
Parsing module <matrix_memory>.
Analyzing Verilog file "D:\DSDProjectAAA\project\control_unit.v" into library work
Parsing module <control_unit>.
Analyzing Verilog file "D:\DSDProjectAAA\project\top.v" into library work
Parsing module <top>.

=========================================================================
*                            HDL Elaboration                            *
=========================================================================

Elaborating module <top>.

Elaborating module <uart_rx>.
WARNING:HDLCompiler:1127 - "D:\DSDProjectAAA\project\rx.v" Line 19: Assignment to tick_count ignored, since the identifier is never used

Elaborating module <uart_tx>.
WARNING:HDLCompiler:1127 - "D:\DSDProjectAAA\project\tx.v" Line 20: Assignment to tick_count ignored, since the identifier is never used

Elaborating module <matrix_memory>.
WARNING:HDLCompiler:189 - "D:\DSDProjectAAA\project\top.v" Line 34: Size mismatch in connection of port <addr>. Formal port size is 4-bit while actual signal size is 1-bit.
WARNING:HDLCompiler:189 - "D:\DSDProjectAAA\project\top.v" Line 35: Size mismatch in connection of port <write_data>. Formal port size is 32-bit while actual signal size is 8-bit.
WARNING:HDLCompiler:189 - "D:\DSDProjectAAA\project\top.v" Line 37: Size mismatch in connection of port <read_data>. Formal port size is 32-bit while actual signal size is 1-bit.
WARNING:HDLCompiler:189 - "D:\DSDProjectAAA\project\top.v" Line 42: Size mismatch in connection of port <addr>. Formal port size is 4-bit while actual signal size is 1-bit.
WARNING:HDLCompiler:189 - "D:\DSDProjectAAA\project\top.v" Line 43: Size mismatch in connection of port <write_data>. Formal port size is 32-bit while actual signal size is 8-bit.
WARNING:HDLCompiler:189 - "D:\DSDProjectAAA\project\top.v" Line 45: Size mismatch in connection of port <read_data>. Formal port size is 32-bit while actual signal size is 1-bit.

Elaborating module <matrix_multiplier>.
WARNING:HDLCompiler:91 - "D:\DSDProjectAAA\project\matrix_multiplier.v" Line 23: Signal <product> missing in the sensitivity list is added for synthesis purposes. HDL and post-synthesis simulations may differ as a result.
ERROR:HDLCompiler:1128 - "D:\DSDProjectAAA\project\matrix_multiplier.v" Line 23: Assignment under multiple single edges is not supported for synthesis
INFO - You can change the severity of this error message to warning using switch -change_error_to_warning "HDLCompiler:1128"
Module matrix_multiplier remains a blackbox, due to errors in its contents
WARNING:HDLCompiler:1499 - "D:\DSDProjectAAA\project\matrix_multiplier.v" Line 1: Empty module <matrix_multiplier> remains a black box.
WARNING:HDLCompiler:189 - "D:\DSDProjectAAA\project\top.v" Line 51: Size mismatch in connection of port <a_data>. Formal port size is 32-bit while actual signal size is 1-bit.
WARNING:HDLCompiler:189 - "D:\DSDProjectAAA\project\top.v" Line 52: Size mismatch in connection of port <b_data>. Formal port size is 32-bit while actual signal size is 1-bit.
WARNING:HDLCompiler:189 - "D:\DSDProjectAAA\project\top.v" Line 54: Size mismatch in connection of port <result>. Formal port size is 32-bit while actual signal size is 1-bit.
WARNING:HDLCompiler:1127 - "D:\DSDProjectAAA\project\top.v" Line 54: Assignment to mult_result ignored, since the identifier is never used

Elaborating module <control_unit>.
WARNING:HDLCompiler:1127 - "D:\DSDProjectAAA\project\top.v" Line 64: Assignment to rx_enable ignored, since the identifier is never used
WARNING:HDLCompiler:634 - "D:\DSDProjectAAA\project\top.v" Line 10: Net <tx_data[7]> does not have a driver.
WARNING:HDLCompiler:634 - "D:\DSDProjectAAA\project\top.v" Line 34: Net <a_addr> does not have a driver.
WARNING:HDLCompiler:634 - "D:\DSDProjectAAA\project\top.v" Line 42: Net <b_addr> does not have a driver.
--> 

Total memory usage is 4445368 kilobytes

Number of errors   :    1 (   0 filtered)
Number of warnings :   18 (   0 filtered)
Number of infos    :    0 (   0 filtered)

